#
# There is insufficient memory for the Java Runtime Environment to continue.
# Native memory allocation (malloc) failed to allocate 805776 bytes for Chunk::new
# Possible reasons:
#   The system is out of physical RAM or swap space
#   The process is running with CompressedOops enabled, and the Java Heap may be blocking the growth of the native heap
# Possible solutions:
#   Reduce memory load on the system
#   Increase physical memory or swap space
#   Check if swap backing store is full
#   Decrease Java heap size (-Xmx/-Xms)
#   Decrease number of Java threads
#   Decrease Java thread stack sizes (-Xss)
#   Set larger code cache with -XX:ReservedCodeCacheSize=
#   JVM is running with Unscaled Compressed Oops mode in which the Java heap is
#     placed in the first 4GB address space. The Java Heap base address is the
#     maximum limit for the native heap growth. Please use -XX:HeapBaseMinAddress
#     to set the Java Heap base and to place the Java Heap above 4GB virtual address.
# This output file may be truncated or incomplete.
#
#  Out of Memory Error (arena.cpp:189), pid=12560, tid=10024
#
# JRE version: OpenJDK Runtime Environment Temurin-17.0.8.1+1 (17.0.8.1+1) (build 17.0.8.1+1)
# Java VM: OpenJDK 64-Bit Server VM Temurin-17.0.8.1+1 (17.0.8.1+1, mixed mode, tiered, compressed oops, compressed class ptrs, g1 gc, windows-amd64)
# No core dump will be written. Minidumps are not enabled by default on client versions of Windows
#

---------------  S U M M A R Y ------------

Command Line: -Dfile.encoding=UTF-8 -Dstdout.encoding=UTF-8 -Dstderr.encoding=UTF-8 -XX:+ShowCodeDetailsInExceptionMessages com.tcs.users.UsersApplication

Host: Intel(R) Xeon(R) Gold 6152 CPU @ 2.10GHz, 2 cores, 7G,  Windows 10 , 64 bit Build 19041 (10.0.19041.3155)
Time: Mon May  5 09:50:20 2025 India Standard Time elapsed time: 136.834510 seconds (0d 0h 2m 16s)

---------------  T H R E A D  ---------------

Current thread (0x0000018cb28b9860):  JavaThread "C2 CompilerThread0" daemon [_thread_in_native, id=10024, stack(0x0000006ad7e00000,0x0000006ad7f00000)]


Current CompileTask:
C2: 136834 7182   !   4       java.net.URL::<init> (543 bytes)

Stack: [0x0000006ad7e00000,0x0000006ad7f00000]
Native frames: (J=compiled Java code, j=interpreted, Vv=VM code, C=native code)
V  [jvm.dll+0x678b0a]
V  [jvm.dll+0x835e84]
V  [jvm.dll+0x83762e]
V  [jvm.dll+0x837c93]
V  [jvm.dll+0x24746f]
V  [jvm.dll+0xac20c]
V  [jvm.dll+0xac7dc]
V  [jvm.dll+0x365c52]
V  [jvm.dll+0x3301a1]
V  [jvm.dll+0x32f64a]
V  [jvm.dll+0x219bf1]
V  [jvm.dll+0x219011]
V  [jvm.dll+0x1a534d]
V  [jvm.dll+0x228d8a]
V  [jvm.dll+0x226dcc]
V  [jvm.dll+0x7ec09b]
V  [jvm.dll+0x7e64ca]
V  [jvm.dll+0x677955]
C  [ucrtbase.dll+0x21bb2]
C  [KERNEL32.DLL+0x17614]
C  [ntdll.dll+0x526b1]


---------------  P R O C E S S  ---------------

Threads class SMR info:
_java_thread_list=0x0000018cbb9bfe10, length=36, elements={
0x0000018cb28a7f10, 0x0000018cb28e6470, 0x0000018cb28b2a10, 0x0000018cb28b35d0,
0x0000018cb28b4190, 0x0000018cb28b6b60, 0x0000018cb28b9860, 0x0000018cb28be680,
0x0000018cb2974630, 0x0000018cb2a7ba40, 0x0000018cb2a84e00, 0x0000018cb8d88b20,
0x0000018cb8d89000, 0x0000018cb8f91890, 0x0000018cb8f90450, 0x0000018cb8f8eb00,
0x0000018cb8f90960, 0x0000018cb8f90e70, 0x0000018cb8f8f010, 0x0000018cb8f8ff40,
0x0000018cb8f8e0e0, 0x0000018cb8f91380, 0x0000018cb83b0d20, 0x0000018cb83af8e0,
0x0000018cb83b2b80, 0x0000018cb83b3fc0, 0x0000018cb83b0810, 0x0000018cb83afdf0,
0x0000018cb83b35a0, 0x0000018cb83b44d0, 0x0000018cb83b1230, 0x0000018cb83aeec0,
0x0000018cb83b2670, 0x0000018cb83b3090, 0x0000018cb83ad060, 0x0000018cb83ae9b0
}

Java Threads: ( => current thread )
  0x0000018cb28a7f10 JavaThread "Reference Handler" daemon [_thread_blocked, id=6336, stack(0x0000006ad7800000,0x0000006ad7900000)]
  0x0000018cb28e6470 JavaThread "Finalizer" daemon [_thread_blocked, id=13956, stack(0x0000006ad7900000,0x0000006ad7a00000)]
  0x0000018cb28b2a10 JavaThread "Signal Dispatcher" daemon [_thread_blocked, id=13676, stack(0x0000006ad7a00000,0x0000006ad7b00000)]
  0x0000018cb28b35d0 JavaThread "Attach Listener" daemon [_thread_blocked, id=13432, stack(0x0000006ad7b00000,0x0000006ad7c00000)]
  0x0000018cb28b4190 JavaThread "Service Thread" daemon [_thread_blocked, id=9476, stack(0x0000006ad7c00000,0x0000006ad7d00000)]
  0x0000018cb28b6b60 JavaThread "Monitor Deflation Thread" daemon [_thread_blocked, id=11080, stack(0x0000006ad7d00000,0x0000006ad7e00000)]
=>0x0000018cb28b9860 JavaThread "C2 CompilerThread0" daemon [_thread_in_native, id=10024, stack(0x0000006ad7e00000,0x0000006ad7f00000)]
  0x0000018cb28be680 JavaThread "C1 CompilerThread0" daemon [_thread_blocked, id=11900, stack(0x0000006ad7f00000,0x0000006ad8000000)]
  0x0000018cb2974630 JavaThread "Sweeper thread" daemon [_thread_blocked, id=7724, stack(0x0000006ad8000000,0x0000006ad8100000)]
  0x0000018cb2a7ba40 JavaThread "Notification Thread" daemon [_thread_blocked, id=8524, stack(0x0000006ad8100000,0x0000006ad8200000)]
  0x0000018cb2a84e00 JavaThread "Common-Cleaner" daemon [_thread_blocked, id=5796, stack(0x0000006ad8300000,0x0000006ad8400000)]
  0x0000018cb8d88b20 JavaThread "Catalina-utility-1" [_thread_blocked, id=6084, stack(0x0000006ad8700000,0x0000006ad8800000)]
  0x0000018cb8d89000 JavaThread "Catalina-utility-2" [_thread_blocked, id=1492, stack(0x0000006ad8800000,0x0000006ad8900000)]
  0x0000018cb8f91890 JavaThread "container-0" [_thread_blocked, id=12648, stack(0x0000006ad8900000,0x0000006ad8a00000)]
  0x0000018cb8f90450 JavaThread "HikariPool-1 housekeeper" daemon [_thread_blocked, id=9468, stack(0x0000006ad8a00000,0x0000006ad8b00000)]
  0x0000018cb8f8eb00 JavaThread "File Watcher" daemon [_thread_blocked, id=8692, stack(0x0000006ad8e00000,0x0000006ad8f00000)]
  0x0000018cb8f90960 JavaThread "spectator-gauge-polling-0" daemon [_thread_blocked, id=316, stack(0x0000006ad8f00000,0x0000006ad9000000)]
  0x0000018cb8f90e70 JavaThread "AsyncResolver-bootstrap-%d" daemon [_thread_blocked, id=9156, stack(0x0000006ad9000000,0x0000006ad9100000)]
  0x0000018cb8f8f010 JavaThread "DiscoveryClient-%d" daemon [_thread_blocked, id=5800, stack(0x0000006ad8b00000,0x0000006ad8c00000)]
  0x0000018cb8f8ff40 JavaThread "DiscoveryClient-%d" daemon [_thread_blocked, id=12968, stack(0x0000006ad9200000,0x0000006ad9300000)]
  0x0000018cb8f8e0e0 JavaThread "DiscoveryClient-InstanceInfoReplicator-%d" daemon [_thread_blocked, id=3420, stack(0x0000006ad9300000,0x0000006ad9400000)]
  0x0000018cb8f91380 JavaThread "http-nio-8082-exec-1" daemon [_thread_blocked, id=12448, stack(0x0000006ad9400000,0x0000006ad9500000)]
  0x0000018cb83b0d20 JavaThread "http-nio-8082-exec-2" daemon [_thread_blocked, id=5444, stack(0x0000006ad9500000,0x0000006ad9600000)]
  0x0000018cb83af8e0 JavaThread "http-nio-8082-exec-3" daemon [_thread_blocked, id=9524, stack(0x0000006ad9600000,0x0000006ad9700000)]
  0x0000018cb83b2b80 JavaThread "http-nio-8082-exec-4" daemon [_thread_blocked, id=6532, stack(0x0000006ad9700000,0x0000006ad9800000)]
  0x0000018cb83b3fc0 JavaThread "http-nio-8082-exec-5" daemon [_thread_blocked, id=10328, stack(0x0000006ad9800000,0x0000006ad9900000)]
  0x0000018cb83b0810 JavaThread "http-nio-8082-exec-6" daemon [_thread_blocked, id=11992, stack(0x0000006ad9900000,0x0000006ad9a00000)]
  0x0000018cb83afdf0 JavaThread "http-nio-8082-exec-7" daemon [_thread_blocked, id=12268, stack(0x0000006ad9a00000,0x0000006ad9b00000)]
  0x0000018cb83b35a0 JavaThread "http-nio-8082-exec-8" daemon [_thread_blocked, id=8812, stack(0x0000006ad9b00000,0x0000006ad9c00000)]
  0x0000018cb83b44d0 JavaThread "http-nio-8082-exec-9" daemon [_thread_blocked, id=4496, stack(0x0000006ad9c00000,0x0000006ad9d00000)]
  0x0000018cb83b1230 JavaThread "http-nio-8082-exec-10" daemon [_thread_blocked, id=3116, stack(0x0000006ad9d00000,0x0000006ad9e00000)]
  0x0000018cb83aeec0 JavaThread "http-nio-8082-Poller" daemon [_thread_in_native, id=5956, stack(0x0000006ad9e00000,0x0000006ad9f00000)]
  0x0000018cb83b2670 JavaThread "http-nio-8082-Acceptor" daemon [_thread_in_native, id=5712, stack(0x0000006ad9f00000,0x0000006ada000000)]
  0x0000018cb83b3090 JavaThread "DestroyJavaVM" [_thread_blocked, id=4196, stack(0x0000006ad7100000,0x0000006ad7200000)]
  0x0000018cb83ad060 JavaThread "DiscoveryClient-HeartbeatExecutor-%d" daemon [_thread_blocked, id=12576, stack(0x0000006ada000000,0x0000006ada100000)]
  0x0000018cb83ae9b0 JavaThread "DiscoveryClient-CacheRefreshExecutor-%d" daemon [_thread_blocked, id=308, stack(0x0000006ada100000,0x0000006ada200000)]

Other Threads:
  0x0000018cb28d3c70 VMThread "VM Thread" [stack: 0x0000006ad7700000,0x0000006ad7800000] [id=13492]
  0x0000018cb2a7e740 WatcherThread [stack: 0x0000006ad8200000,0x0000006ad8300000] [id=13088]
  0x0000018c99669bc0 GCTaskThread "GC Thread#0" [stack: 0x0000006ad7200000,0x0000006ad7300000] [id=6008]
  0x0000018cb72c2ce0 GCTaskThread "GC Thread#1" [stack: 0x0000006ad8400000,0x0000006ad8500000] [id=11256]
  0x0000018c9967a9b0 ConcurrentGCThread "G1 Main Marker" [stack: 0x0000006ad7300000,0x0000006ad7400000] [id=12644]
  0x0000018c9967bf10 ConcurrentGCThread "G1 Conc#0" [stack: 0x0000006ad7400000,0x0000006ad7500000] [id=380]
  0x0000018c9969e1c0 ConcurrentGCThread "G1 Refine#0" [stack: 0x0000006ad7500000,0x0000006ad7600000] [id=1480]
  0x0000018cb94f1c40 ConcurrentGCThread "G1 Refine#1" [stack: 0x0000006ad8d00000,0x0000006ad8e00000] [id=11932]
  0x0000018cb270a8b0 ConcurrentGCThread "G1 Service" [stack: 0x0000006ad7600000,0x0000006ad7700000] [id=8776]

Threads with active compile tasks:
C2 CompilerThread0   136937 7182   !   4       java.net.URL::<init> (543 bytes)

VM state: not at safepoint (normal execution)

VM Mutex/Monitor currently owned by a thread: None

Heap address: 0x0000000080000000, size: 2048 MB, Compressed Oops mode: 32-bit

CDS archive(s) not mapped
Compressed class space mapped at: 0x0000000100000000-0x0000000140000000, reserved size: 1073741824
Narrow klass base: 0x0000000000000000, Narrow klass shift: 3, Narrow klass range: 0x140000000

GC Precious Log:
 CPUs: 2 total, 2 available
 Memory: 8191M
 Large Page Support: Disabled
 NUMA Support: Disabled
 Compressed Oops: Enabled (32-bit)
 Heap Region Size: 1M
 Heap Min Capacity: 8M
 Heap Initial Capacity: 128M
 Heap Max Capacity: 2G
 Pre-touch: Disabled
 Parallel Workers: 2
 Concurrent Workers: 1
 Concurrent Refinement Workers: 2
 Periodic GC: Disabled

Heap:
 garbage-first heap   total 95232K, used 55149K [0x0000000080000000, 0x0000000100000000)
  region size 1024K, 16 young (16384K), 4 survivors (4096K)
 Metaspace       used 86563K, committed 87232K, reserved 1179648K
  class space    used 11281K, committed 11584K, reserved 1048576K

Heap Regions: E=young(eden), S=young(survivor), O=old, HS=humongous(starts), HC=humongous(continues), CS=collection set, F=free, OA=open archive, CA=closed archive, TAMS=top-at-mark-start (previous, next)
|   0|0x0000000080000000, 0x0000000080100000, 0x0000000080100000|100%|HS|  |TAMS 0x0000000080100000, 0x0000000080000000| Complete 
|   1|0x0000000080100000, 0x0000000080200000, 0x0000000080200000|100%|HS|  |TAMS 0x0000000080200000, 0x0000000080100000| Complete 
|   2|0x0000000080200000, 0x0000000080300000, 0x0000000080300000|100%|HS|  |TAMS 0x0000000080300000, 0x0000000080200000| Complete 
|   3|0x0000000080300000, 0x0000000080400000, 0x0000000080400000|100%| O|  |TAMS 0x0000000080400000, 0x0000000080300000| Untracked 
|   4|0x0000000080400000, 0x0000000080500000, 0x0000000080500000|100%| O|  |TAMS 0x0000000080500000, 0x0000000080400000| Untracked 
|   5|0x0000000080500000, 0x0000000080600000, 0x0000000080600000|100%| O|  |TAMS 0x0000000080600000, 0x0000000080500000| Untracked 
|   6|0x0000000080600000, 0x0000000080700000, 0x0000000080700000|100%| O|  |TAMS 0x0000000080700000, 0x0000000080600000| Untracked 
|   7|0x0000000080700000, 0x0000000080800000, 0x0000000080800000|100%| O|  |TAMS 0x0000000080800000, 0x0000000080700000| Untracked 
|   8|0x0000000080800000, 0x0000000080900000, 0x0000000080900000|100%| O|  |TAMS 0x0000000080900000, 0x0000000080800000| Untracked 
|   9|0x0000000080900000, 0x0000000080a00000, 0x0000000080a00000|100%| O|  |TAMS 0x0000000080a00000, 0x0000000080900000| Untracked 
|  10|0x0000000080a00000, 0x0000000080b00000, 0x0000000080b00000|100%| O|  |TAMS 0x0000000080b00000, 0x0000000080a00000| Untracked 
|  11|0x0000000080b00000, 0x0000000080c00000, 0x0000000080c00000|100%| O|  |TAMS 0x0000000080c00000, 0x0000000080b00000| Untracked 
|  12|0x0000000080c00000, 0x0000000080d00000, 0x0000000080d00000|100%| O|  |TAMS 0x0000000080d00000, 0x0000000080c00000| Untracked 
|  13|0x0000000080d00000, 0x0000000080e00000, 0x0000000080e00000|100%| O|  |TAMS 0x0000000080e00000, 0x0000000080d00000| Untracked 
|  14|0x0000000080e00000, 0x0000000080f00000, 0x0000000080f00000|100%| O|  |TAMS 0x0000000080f00000, 0x0000000080e00000| Untracked 
|  15|0x0000000080f00000, 0x0000000081000000, 0x0000000081000000|100%| O|  |TAMS 0x0000000081000000, 0x0000000080f00000| Untracked 
|  16|0x0000000081000000, 0x0000000081100000, 0x0000000081100000|100%| O|  |TAMS 0x0000000081100000, 0x0000000081000000| Untracked 
|  17|0x0000000081100000, 0x0000000081200000, 0x0000000081200000|100%| O|  |TAMS 0x0000000081200000, 0x0000000081100000| Untracked 
|  18|0x0000000081200000, 0x0000000081300000, 0x0000000081300000|100%| O|  |TAMS 0x0000000081300000, 0x0000000081200000| Untracked 
|  19|0x0000000081300000, 0x0000000081400000, 0x0000000081400000|100%| O|  |TAMS 0x0000000081400000, 0x0000000081300000| Untracked 
|  20|0x0000000081400000, 0x0000000081500000, 0x0000000081500000|100%| O|  |TAMS 0x0000000081500000, 0x0000000081400000| Untracked 
|  21|0x0000000081500000, 0x0000000081600000, 0x0000000081600000|100%| O|  |TAMS 0x0000000081600000, 0x0000000081500000| Untracked 
|  22|0x0000000081600000, 0x0000000081700000, 0x0000000081700000|100%| O|  |TAMS 0x0000000081673200, 0x0000000081600000| Untracked 
|  23|0x0000000081700000, 0x0000000081725000, 0x0000000081800000| 14%| O|  |TAMS 0x0000000081725000, 0x0000000081700000| Untracked 
|  24|0x0000000081800000, 0x0000000081900000, 0x0000000081900000|100%| O|  |TAMS 0x0000000081800000, 0x0000000081800000| Untracked 
|  25|0x0000000081900000, 0x0000000081a00000, 0x0000000081a00000|100%| O|  |TAMS 0x0000000081900000, 0x0000000081900000| Untracked 
|  26|0x0000000081a00000, 0x0000000081b00000, 0x0000000081b00000|100%| O|  |TAMS 0x0000000081a00000, 0x0000000081a00000| Untracked 
|  27|0x0000000081b00000, 0x0000000081c00000, 0x0000000081c00000|100%| O|  |TAMS 0x0000000081b00000, 0x0000000081b00000| Untracked 
|  28|0x0000000081c00000, 0x0000000081d00000, 0x0000000081d00000|100%| O|  |TAMS 0x0000000081c00000, 0x0000000081c00000| Untracked 
|  29|0x0000000081d00000, 0x0000000081e00000, 0x0000000081e00000|100%| O|  |TAMS 0x0000000081d00000, 0x0000000081d00000| Untracked 
|  30|0x0000000081e00000, 0x0000000081f00000, 0x0000000081f00000|100%| O|  |TAMS 0x0000000081e00000, 0x0000000081e00000| Untracked 
|  31|0x0000000081f00000, 0x0000000082000000, 0x0000000082000000|100%| O|  |TAMS 0x0000000081f00000, 0x0000000081f00000| Untracked 
|  32|0x0000000082000000, 0x0000000082100000, 0x0000000082100000|100%| O|  |TAMS 0x0000000082100000, 0x0000000082000000| Untracked 
|  33|0x0000000082100000, 0x0000000082200000, 0x0000000082200000|100%| O|  |TAMS 0x0000000082200000, 0x0000000082100000| Untracked 
|  34|0x0000000082200000, 0x0000000082300000, 0x0000000082300000|100%| O|  |TAMS 0x0000000082300000, 0x0000000082200000| Untracked 
|  35|0x0000000082300000, 0x0000000082400000, 0x0000000082400000|100%| O|  |TAMS 0x0000000082400000, 0x0000000082300000| Untracked 
|  36|0x0000000082400000, 0x0000000082500000, 0x0000000082500000|100%| O|  |TAMS 0x0000000082500000, 0x0000000082400000| Untracked 
|  37|0x0000000082500000, 0x0000000082600000, 0x0000000082600000|100%| O|  |TAMS 0x0000000082600000, 0x0000000082500000| Untracked 
|  38|0x0000000082600000, 0x0000000082700000, 0x0000000082700000|100%| O|  |TAMS 0x0000000082600000, 0x0000000082600000| Untracked 
|  39|0x0000000082700000, 0x0000000082800000, 0x0000000082800000|100%| O|  |TAMS 0x0000000082700000, 0x0000000082700000| Untracked 
|  40|0x0000000082800000, 0x0000000082836600, 0x0000000082900000| 21%| O|  |TAMS 0x0000000082800000, 0x0000000082800000| Untracked 
|  41|0x0000000082900000, 0x0000000082900000, 0x0000000082a00000|  0%| F|  |TAMS 0x0000000082900000, 0x0000000082900000| Untracked 
|  42|0x0000000082a00000, 0x0000000082a00000, 0x0000000082b00000|  0%| F|  |TAMS 0x0000000082a00000, 0x0000000082a00000| Untracked 
|  43|0x0000000082b00000, 0x0000000082b00000, 0x0000000082c00000|  0%| F|  |TAMS 0x0000000082b00000, 0x0000000082b00000| Untracked 
|  44|0x0000000082c00000, 0x0000000082c00000, 0x0000000082d00000|  0%| F|  |TAMS 0x0000000082c00000, 0x0000000082c00000| Untracked 
|  45|0x0000000082d00000, 0x0000000082d00000, 0x0000000082e00000|  0%| F|  |TAMS 0x0000000082d00000, 0x0000000082d00000| Untracked 
|  46|0x0000000082e00000, 0x0000000082e00000, 0x0000000082f00000|  0%| F|  |TAMS 0x0000000082e00000, 0x0000000082e00000| Untracked 
|  47|0x0000000082f00000, 0x0000000082f00000, 0x0000000083000000|  0%| F|  |TAMS 0x0000000082f00000, 0x0000000082f00000| Untracked 
|  48|0x0000000083000000, 0x0000000083000000, 0x0000000083100000|  0%| F|  |TAMS 0x0000000083000000, 0x0000000083000000| Untracked 
|  49|0x0000000083100000, 0x0000000083100000, 0x0000000083200000|  0%| F|  |TAMS 0x0000000083100000, 0x0000000083100000| Untracked 
|  50|0x0000000083200000, 0x0000000083200000, 0x0000000083300000|  0%| F|  |TAMS 0x0000000083200000, 0x0000000083200000| Untracked 
|  51|0x0000000083300000, 0x0000000083300000, 0x0000000083400000|  0%| F|  |TAMS 0x0000000083300000, 0x0000000083300000| Untracked 
|  52|0x0000000083400000, 0x0000000083400000, 0x0000000083500000|  0%| F|  |TAMS 0x0000000083400000, 0x0000000083400000| Untracked 
|  53|0x0000000083500000, 0x0000000083580000, 0x0000000083600000| 50%| S|CS|TAMS 0x0000000083500000, 0x0000000083500000| Complete 
|  54|0x0000000083600000, 0x0000000083600000, 0x0000000083700000|  0%| F|  |TAMS 0x0000000083600000, 0x0000000083600000| Untracked 
|  55|0x0000000083700000, 0x0000000083700000, 0x0000000083800000|  0%| F|  |TAMS 0x0000000083700000, 0x0000000083700000| Untracked 
|  56|0x0000000083800000, 0x0000000083800000, 0x0000000083900000|  0%| F|  |TAMS 0x0000000083800000, 0x0000000083800000| Untracked 
|  57|0x0000000083900000, 0x0000000083a00000, 0x0000000083a00000|100%| S|CS|TAMS 0x0000000083900000, 0x0000000083900000| Complete 
|  58|0x0000000083a00000, 0x0000000083b00000, 0x0000000083b00000|100%| S|CS|TAMS 0x0000000083a00000, 0x0000000083a00000| Complete 
|  59|0x0000000083b00000, 0x0000000083c00000, 0x0000000083c00000|100%| S|CS|TAMS 0x0000000083b00000, 0x0000000083b00000| Complete 
|  60|0x0000000083c00000, 0x0000000083c00000, 0x0000000083d00000|  0%| F|  |TAMS 0x0000000083c00000, 0x0000000083c00000| Untracked 
|  61|0x0000000083d00000, 0x0000000083d00000, 0x0000000083e00000|  0%| F|  |TAMS 0x0000000083d00000, 0x0000000083d00000| Untracked 
|  62|0x0000000083e00000, 0x0000000083e00000, 0x0000000083f00000|  0%| F|  |TAMS 0x0000000083e00000, 0x0000000083e00000| Untracked 
|  63|0x0000000083f00000, 0x0000000083f00000, 0x0000000084000000|  0%| F|  |TAMS 0x0000000083f00000, 0x0000000083f00000| Untracked 
|  64|0x0000000084000000, 0x0000000084000000, 0x0000000084100000|  0%| F|  |TAMS 0x0000000084000000, 0x0000000084000000| Untracked 
|  65|0x0000000084100000, 0x0000000084100000, 0x0000000084200000|  0%| F|  |TAMS 0x0000000084100000, 0x0000000084100000| Untracked 
|  66|0x0000000084200000, 0x0000000084200000, 0x0000000084300000|  0%| F|  |TAMS 0x0000000084200000, 0x0000000084200000| Untracked 
|  67|0x0000000084300000, 0x0000000084300000, 0x0000000084400000|  0%| F|  |TAMS 0x0000000084300000, 0x0000000084300000| Untracked 
|  68|0x0000000084400000, 0x0000000084400000, 0x0000000084500000|  0%| F|  |TAMS 0x0000000084400000, 0x0000000084400000| Untracked 
|  69|0x0000000084500000, 0x0000000084500000, 0x0000000084600000|  0%| F|  |TAMS 0x0000000084500000, 0x0000000084500000| Untracked 
|  70|0x0000000084600000, 0x0000000084600000, 0x0000000084700000|  0%| F|  |TAMS 0x0000000084600000, 0x0000000084600000| Untracked 
|  71|0x0000000084700000, 0x0000000084700000, 0x0000000084800000|  0%| F|  |TAMS 0x0000000084700000, 0x0000000084700000| Untracked 
|  72|0x0000000084800000, 0x0000000084800000, 0x0000000084900000|  0%| F|  |TAMS 0x0000000084800000, 0x0000000084800000| Untracked 
|  73|0x0000000084900000, 0x0000000084900000, 0x0000000084a00000|  0%| F|  |TAMS 0x0000000084900000, 0x0000000084900000| Untracked 
|  74|0x0000000084a00000, 0x0000000084a00000, 0x0000000084b00000|  0%| F|  |TAMS 0x0000000084a00000, 0x0000000084a00000| Untracked 
|  75|0x0000000084b00000, 0x0000000084b00000, 0x0000000084c00000|  0%| F|  |TAMS 0x0000000084b00000, 0x0000000084b00000| Untracked 
|  76|0x0000000084c00000, 0x0000000084c00000, 0x0000000084d00000|  0%| F|  |TAMS 0x0000000084c00000, 0x0000000084c00000| Untracked 
|  77|0x0000000084d00000, 0x0000000084d00000, 0x0000000084e00000|  0%| F|  |TAMS 0x0000000084d00000, 0x0000000084d00000| Untracked 
|  78|0x0000000084e00000, 0x0000000084e00000, 0x0000000084f00000|  0%| F|  |TAMS 0x0000000084e00000, 0x0000000084e00000| Untracked 
|  79|0x0000000084f00000, 0x0000000084f00000, 0x0000000085000000|  0%| F|  |TAMS 0x0000000084f00000, 0x0000000084f00000| Untracked 
|  80|0x0000000085000000, 0x0000000085000000, 0x0000000085100000|  0%| F|  |TAMS 0x0000000085000000, 0x0000000085000000| Untracked 
|  81|0x0000000085100000, 0x00000000851ed428, 0x0000000085200000| 92%| E|  |TAMS 0x0000000085100000, 0x0000000085100000| Complete 
|  82|0x0000000085200000, 0x0000000085300000, 0x0000000085300000|100%| E|CS|TAMS 0x0000000085200000, 0x0000000085200000| Complete 
|  83|0x0000000085300000, 0x0000000085400000, 0x0000000085400000|100%| E|CS|TAMS 0x0000000085300000, 0x0000000085300000| Complete 
|  84|0x0000000085400000, 0x0000000085500000, 0x0000000085500000|100%| E|CS|TAMS 0x0000000085400000, 0x0000000085400000| Complete 
|  85|0x0000000085500000, 0x0000000085600000, 0x0000000085600000|100%| E|CS|TAMS 0x0000000085500000, 0x0000000085500000| Complete 
|  86|0x0000000085600000, 0x0000000085700000, 0x0000000085700000|100%| E|CS|TAMS 0x0000000085600000, 0x0000000085600000| Complete 
|  87|0x0000000085700000, 0x0000000085800000, 0x0000000085800000|100%| E|CS|TAMS 0x0000000085700000, 0x0000000085700000| Complete 
|  88|0x0000000085800000, 0x0000000085900000, 0x0000000085900000|100%| E|CS|TAMS 0x0000000085800000, 0x0000000085800000| Complete 
|  89|0x0000000085900000, 0x0000000085a00000, 0x0000000085a00000|100%| E|CS|TAMS 0x0000000085900000, 0x0000000085900000| Complete 
|  90|0x0000000085a00000, 0x0000000085b00000, 0x0000000085b00000|100%| E|CS|TAMS 0x0000000085a00000, 0x0000000085a00000| Complete 
|  91|0x0000000085b00000, 0x0000000085c00000, 0x0000000085c00000|100%| E|CS|TAMS 0x0000000085b00000, 0x0000000085b00000| Complete 
|  92|0x0000000085c00000, 0x0000000085d00000, 0x0000000085d00000|100%| E|CS|TAMS 0x0000000085c00000, 0x0000000085c00000| Complete 

Card table byte_map: [0x0000018cabca0000,0x0000018cac0a0000] _byte_map_base: 0x0000018cab8a0000

Marking Bits (Prev, Next): (CMBitMap*) 0x0000018c9966a0c0, (CMBitMap*) 0x0000018c9966a080
 Prev Bits: [0x0000018cae4a0000, 0x0000018cb04a0000)
 Next Bits: [0x0000018cac4a0000, 0x0000018cae4a0000)

Polling page: 0x0000018c973d0000

Metaspace:

Usage:
  Non-class:     73.52 MB used.
      Class:     11.02 MB used.
       Both:     84.53 MB used.

Virtual space:
  Non-class space:      128.00 MB reserved,      73.88 MB ( 58%) committed,  2 nodes.
      Class space:        1.00 GB reserved,      11.31 MB (  1%) committed,  1 nodes.
             Both:        1.12 GB reserved,      85.19 MB (  7%) committed. 

Chunk freelists:
   Non-Class:  5.67 MB
       Class:  4.73 MB
        Both:  10.40 MB

MaxMetaspaceSize: unlimited
CompressedClassSpaceSize: 1.00 GB
Initial GC threshold: 21.00 MB
Current GC threshold: 98.25 MB
CDS: off
MetaspaceReclaimPolicy: balanced
 - commit_granule_bytes: 65536.
 - commit_granule_words: 8192.
 - virtual_space_node_default_size: 8388608.
 - enlarge_chunks_in_place: 1.
 - new_chunks_are_fully_committed: 0.
 - uncommit_free_chunks: 1.
 - use_allocation_guard: 0.
 - handle_deallocations: 1.


Internal statistics:

num_allocs_failed_limit: 9.
num_arena_births: 848.
num_arena_deaths: 0.
num_vsnodes_births: 3.
num_vsnodes_deaths: 0.
num_space_committed: 1363.
num_space_uncommitted: 0.
num_chunks_returned_to_freelist: 9.
num_chunks_taken_from_freelist: 3727.
num_chunk_merges: 9.
num_chunk_splits: 2685.
num_chunks_enlarged: 2100.
num_inconsistent_stats: 0.

CodeHeap 'non-profiled nmethods': size=120064Kb used=3446Kb max_used=3446Kb free=116617Kb
 bounds [0x0000018ca4760000, 0x0000018ca4ac0000, 0x0000018cabca0000]
CodeHeap 'profiled nmethods': size=120000Kb used=11710Kb max_used=11710Kb free=108289Kb
 bounds [0x0000018c9cca0000, 0x0000018c9d810000, 0x0000018ca41d0000]
CodeHeap 'non-nmethods': size=5696Kb used=1348Kb max_used=1416Kb free=4347Kb
 bounds [0x0000018ca41d0000, 0x0000018ca4440000, 0x0000018ca4760000]
 total_blobs=7075 nmethods=6384 adapters=603
 compilation: enabled
              stopped_count=0, restarted_count=0
 full_count=0

Compilation events (20 events):
Event: 136.789 Thread 0x0000018cb28be680 7200   !   3       com.fasterxml.jackson.databind.deser.DeserializerCache::_createAndCacheValueDeserializer (209 bytes)
Event: 136.791 Thread 0x0000018cb28be680 nmethod 7200 0x0000018c9d809290 code [0x0000018c9d809680, 0x0000018c9d80b948]
Event: 136.792 Thread 0x0000018cb28be680 7201   !   3       com.fasterxml.jackson.databind.DeserializationContext::handlePrimaryContextualization (67 bytes)
Event: 136.792 Thread 0x0000018cb28be680 nmethod 7201 0x0000018c9d80c590 code [0x0000018c9d80c780, 0x0000018c9d80cf28]
Event: 136.792 Thread 0x0000018cb28be680 7202       3       com.fasterxml.jackson.databind.introspect.AnnotatedClass::fields (5 bytes)
Event: 136.792 Thread 0x0000018cb28be680 nmethod 7202 0x0000018c9d80d190 code [0x0000018c9d80d320, 0x0000018c9d80d468]
Event: 136.793 Thread 0x0000018cb28be680 7203       3       com.fasterxml.jackson.databind.util.LRUMap::put (10 bytes)
Event: 136.793 Thread 0x0000018cb28be680 nmethod 7203 0x0000018c9d80d510 code [0x0000018c9d80d6c0, 0x0000018c9d80d868]
Event: 136.793 Thread 0x0000018cb28be680 7204       3       com.fasterxml.jackson.databind.util.internal.LinkedDeque::unlink (67 bytes)
Event: 136.793 Thread 0x0000018cb28be680 nmethod 7204 0x0000018c9d80d990 code [0x0000018c9d80dba0, 0x0000018c9d80e2d8]
Event: 136.794 Thread 0x0000018cb28be680 7205       1       org.springframework.util.LinkedCaseInsensitiveMap::getLocale (5 bytes)
Event: 136.794 Thread 0x0000018cb28be680 nmethod 7205 0x0000018ca4abd810 code [0x0000018ca4abd9a0, 0x0000018ca4abda78]
Event: 136.794 Thread 0x0000018cb28be680 7206       3       java.util.Objects::checkFromToIndex (8 bytes)
Event: 136.795 Thread 0x0000018cb28be680 nmethod 7206 0x0000018c9d80e590 code [0x0000018c9d80e740, 0x0000018c9d80e988]
Event: 136.795 Thread 0x0000018cb28be680 7207       3       jdk.internal.util.Preconditions::checkFromToIndex (24 bytes)
Event: 136.795 Thread 0x0000018cb28be680 nmethod 7207 0x0000018c9d80ea90 code [0x0000018c9d80ec40, 0x0000018c9d80ee28]
Event: 136.797 Thread 0x0000018cb28be680 7208       3       java.io.PrintStream::ensureOpen (18 bytes)
Event: 136.797 Thread 0x0000018cb28be680 nmethod 7208 0x0000018c9d80ef10 code [0x0000018c9d80f0c0, 0x0000018c9d80f2c8]
Event: 136.798 Thread 0x0000018cb28be680 7209  s    3       java.io.BufferedOutputStream::flush (12 bytes)
Event: 136.798 Thread 0x0000018cb28be680 nmethod 7209 0x0000018c9d80f390 code [0x0000018c9d80f560, 0x0000018c9d80f958]

GC Heap History (20 events):
Event: 6.247 GC heap before
{Heap before GC invocations=9 (full 0):
 garbage-first heap   total 116736K, used 57874K [0x0000000080000000, 0x0000000100000000)
  region size 1024K, 41 young (41984K), 3 survivors (3072K)
 Metaspace       used 35787K, committed 36096K, reserved 1114112K
  class space    used 4163K, committed 4288K, reserved 1048576K
}
Event: 6.259 GC heap after
{Heap after GC invocations=10 (full 0):
 garbage-first heap   total 116736K, used 22414K [0x0000000080000000, 0x0000000100000000)
  region size 1024K, 5 young (5120K), 5 survivors (5120K)
 Metaspace       used 35787K, committed 36096K, reserved 1114112K
  class space    used 4163K, committed 4288K, reserved 1048576K
}
Event: 7.769 GC heap before
{Heap before GC invocations=11 (full 0):
 garbage-first heap   total 78848K, used 64398K [0x0000000080000000, 0x0000000100000000)
  region size 1024K, 46 young (47104K), 5 survivors (5120K)
 Metaspace       used 41274K, committed 41600K, reserved 1114112K
  class space    used 4941K, committed 5120K, reserved 1048576K
}
Event: 7.784 GC heap after
{Heap after GC invocations=12 (full 0):
 garbage-first heap   total 78848K, used 25631K [0x0000000080000000, 0x0000000100000000)
  region size 1024K, 6 young (6144K), 6 survivors (6144K)
 Metaspace       used 41274K, committed 41600K, reserved 1114112K
  class space    used 4941K, committed 5120K, reserved 1048576K
}
Event: 8.405 GC heap before
{Heap before GC invocations=12 (full 0):
 garbage-first heap   total 78848K, used 65567K [0x0000000080000000, 0x0000000100000000)
  region size 1024K, 39 young (39936K), 6 survivors (6144K)
 Metaspace       used 42824K, committed 43200K, reserved 1114112K
  class space    used 5161K, committed 5312K, reserved 1048576K
}
Event: 8.426 GC heap after
{Heap after GC invocations=13 (full 0):
 garbage-first heap   total 78848K, used 29515K [0x0000000080000000, 0x0000000100000000)
  region size 1024K, 4 young (4096K), 4 survivors (4096K)
 Metaspace       used 42824K, committed 43200K, reserved 1114112K
  class space    used 5161K, committed 5312K, reserved 1048576K
}
Event: 9.331 GC heap before
{Heap before GC invocations=13 (full 0):
 garbage-first heap   total 78848K, used 59211K [0x0000000080000000, 0x0000000100000000)
  region size 1024K, 33 young (33792K), 4 survivors (4096K)
 Metaspace       used 50180K, committed 50560K, reserved 1114112K
  class space    used 6286K, committed 6464K, reserved 1048576K
}
Event: 9.352 GC heap after
{Heap after GC invocations=14 (full 0):
 garbage-first heap   total 78848K, used 31122K [0x0000000080000000, 0x0000000100000000)
  region size 1024K, 2 young (2048K), 2 survivors (2048K)
 Metaspace       used 50180K, committed 50560K, reserved 1114112K
  class space    used 6286K, committed 6464K, reserved 1048576K
}
Event: 10.176 GC heap before
{Heap before GC invocations=14 (full 0):
 garbage-first heap   total 78848K, used 60818K [0x0000000080000000, 0x0000000100000000)
  region size 1024K, 31 young (31744K), 2 survivors (2048K)
 Metaspace       used 57945K, committed 58368K, reserved 1114112K
  class space    used 7261K, committed 7488K, reserved 1048576K
}
Event: 10.184 GC heap after
{Heap after GC invocations=15 (full 0):
 garbage-first heap   total 95232K, used 32558K [0x0000000080000000, 0x0000000100000000)
  region size 1024K, 4 young (4096K), 4 survivors (4096K)
 Metaspace       used 57945K, committed 58368K, reserved 1114112K
  class space    used 7261K, committed 7488K, reserved 1048576K
}
Event: 10.374 GC heap before
{Heap before GC invocations=15 (full 0):
 garbage-first heap   total 95232K, used 39726K [0x0000000080000000, 0x0000000100000000)
  region size 1024K, 12 young (12288K), 4 survivors (4096K)
 Metaspace       used 59861K, committed 60288K, reserved 1114112K
  class space    used 7524K, committed 7744K, reserved 1048576K
}
Event: 10.382 GC heap after
{Heap after GC invocations=16 (full 0):
 garbage-first heap   total 95232K, used 33010K [0x0000000080000000, 0x0000000100000000)
  region size 1024K, 3 young (3072K), 3 survivors (3072K)
 Metaspace       used 59861K, committed 60288K, reserved 1114112K
  class space    used 7524K, committed 7744K, reserved 1048576K
}
Event: 11.737 GC heap before
{Heap before GC invocations=17 (full 0):
 garbage-first heap   total 95232K, used 72946K [0x0000000080000000, 0x0000000100000000)
  region size 1024K, 43 young (44032K), 3 survivors (3072K)
 Metaspace       used 70470K, committed 70976K, reserved 1114112K
  class space    used 9129K, committed 9344K, reserved 1048576K
}
Event: 11.747 GC heap after
{Heap after GC invocations=18 (full 0):
 garbage-first heap   total 95232K, used 35343K [0x0000000080000000, 0x0000000100000000)
  region size 1024K, 5 young (5120K), 5 survivors (5120K)
 Metaspace       used 70470K, committed 70976K, reserved 1114112K
  class space    used 9129K, committed 9344K, reserved 1048576K
}
Event: 12.965 GC heap before
{Heap before GC invocations=18 (full 0):
 garbage-first heap   total 95232K, used 75279K [0x0000000080000000, 0x0000000100000000)
  region size 1024K, 44 young (45056K), 5 survivors (5120K)
 Metaspace       used 75553K, committed 76096K, reserved 1179648K
  class space    used 9867K, committed 10112K, reserved 1048576K
}
Event: 12.980 GC heap after
{Heap after GC invocations=19 (full 0):
 garbage-first heap   total 95232K, used 37887K [0x0000000080000000, 0x0000000100000000)
  region size 1024K, 6 young (6144K), 6 survivors (6144K)
 Metaspace       used 75553K, committed 76096K, reserved 1179648K
  class space    used 9867K, committed 10112K, reserved 1048576K
}
Event: 14.130 GC heap before
{Heap before GC invocations=19 (full 0):
 garbage-first heap   total 95232K, used 74751K [0x0000000080000000, 0x0000000100000000)
  region size 1024K, 42 young (43008K), 6 survivors (6144K)
 Metaspace       used 79800K, committed 80384K, reserved 1179648K
  class space    used 10420K, committed 10688K, reserved 1048576K
}
Event: 14.155 GC heap after
{Heap after GC invocations=20 (full 0):
 garbage-first heap   total 95232K, used 41292K [0x0000000080000000, 0x0000000100000000)
  region size 1024K, 6 young (6144K), 6 survivors (6144K)
 Metaspace       used 79800K, committed 80384K, reserved 1179648K
  class space    used 10420K, committed 10688K, reserved 1048576K
}
Event: 16.098 GC heap before
{Heap before GC invocations=20 (full 0):
 garbage-first heap   total 95232K, used 75084K [0x0000000080000000, 0x0000000100000000)
  region size 1024K, 39 young (39936K), 6 survivors (6144K)
 Metaspace       used 86172K, committed 86784K, reserved 1179648K
  class space    used 11265K, committed 11584K, reserved 1048576K
}
Event: 16.114 GC heap after
{Heap after GC invocations=21 (full 0):
 garbage-first heap   total 95232K, used 43885K [0x0000000080000000, 0x0000000100000000)
  region size 1024K, 4 young (4096K), 4 survivors (4096K)
 Metaspace       used 86172K, committed 86784K, reserved 1179648K
  class space    used 11265K, committed 11584K, reserved 1048576K
}

Dll operation events (9 events):
Event: 0.022 Loaded shared library D:\Users\2801121\Downloads\Eclipse_1_1\Eclipse\eclipse\eclipse\plugins\org.eclipse.justj.openjdk.hotspot.jre.full.win32.x86_64_17.0.8.v20230831-1047\jre\bin\java.dll
Event: 0.460 Loaded shared library D:\Users\2801121\Downloads\Eclipse_1_1\Eclipse\eclipse\eclipse\plugins\org.eclipse.justj.openjdk.hotspot.jre.full.win32.x86_64_17.0.8.v20230831-1047\jre\bin\net.dll
Event: 0.467 Loaded shared library D:\Users\2801121\Downloads\Eclipse_1_1\Eclipse\eclipse\eclipse\plugins\org.eclipse.justj.openjdk.hotspot.jre.full.win32.x86_64_17.0.8.v20230831-1047\jre\bin\nio.dll
Event: 0.475 Loaded shared library D:\Users\2801121\Downloads\Eclipse_1_1\Eclipse\eclipse\eclipse\plugins\org.eclipse.justj.openjdk.hotspot.jre.full.win32.x86_64_17.0.8.v20230831-1047\jre\bin\zip.dll
Event: 0.827 Loaded shared library D:\Users\2801121\Downloads\Eclipse_1_1\Eclipse\eclipse\eclipse\plugins\org.eclipse.justj.openjdk.hotspot.jre.full.win32.x86_64_17.0.8.v20230831-1047\jre\bin\jimage.dll
Event: 1.823 Loaded shared library D:\Users\2801121\Downloads\Eclipse_1_1\Eclipse\eclipse\eclipse\plugins\org.eclipse.justj.openjdk.hotspot.jre.full.win32.x86_64_17.0.8.v20230831-1047\jre\bin\management.dll
Event: 1.834 Loaded shared library D:\Users\2801121\Downloads\Eclipse_1_1\Eclipse\eclipse\eclipse\plugins\org.eclipse.justj.openjdk.hotspot.jre.full.win32.x86_64_17.0.8.v20230831-1047\jre\bin\management_ext.dll
Event: 4.240 Loaded shared library D:\Users\2801121\Downloads\Eclipse_1_1\Eclipse\eclipse\eclipse\plugins\org.eclipse.justj.openjdk.hotspot.jre.full.win32.x86_64_17.0.8.v20230831-1047\jre\bin\sunmscapi.dll
Event: 8.996 Loaded shared library D:\Users\2801121\Downloads\Eclipse_1_1\Eclipse\eclipse\eclipse\plugins\org.eclipse.justj.openjdk.hotspot.jre.full.win32.x86_64_17.0.8.v20230831-1047\jre\bin\verify.dll

Deoptimization events (20 events):
Event: 15.468 Thread 0x0000018cb7937f70 DEOPT PACKING pc=0x0000018ca49df8d8 sp=0x0000006ad86fc1d0
Event: 15.468 Thread 0x0000018cb7937f70 DEOPT UNPACKING pc=0x0000018ca42269a3 sp=0x0000006ad86fbfb0 mode 2
Event: 15.502 Thread 0x0000018cb7937f70 Uncommon trap: trap_request=0xffffff45 fr.pc=0x0000018ca47e1734 relative=0x00000000000016f4
Event: 15.502 Thread 0x0000018cb7937f70 Uncommon trap: reason=unstable_if action=reinterpret pc=0x0000018ca47e1734 method=java.lang.String.<init>([BIILjava/nio/charset/Charset;)V @ 18 c2
Event: 15.502 Thread 0x0000018cb7937f70 DEOPT PACKING pc=0x0000018ca47e1734 sp=0x0000006ad86fd7b0
Event: 15.502 Thread 0x0000018cb7937f70 DEOPT UNPACKING pc=0x0000018ca42269a3 sp=0x0000006ad86fd770 mode 2
Event: 15.649 Thread 0x0000018cb8f8e0e0 Uncommon trap: trap_request=0xffffff45 fr.pc=0x0000018ca4933b38 relative=0x00000000000000b8
Event: 15.649 Thread 0x0000018cb8f8e0e0 Uncommon trap: reason=unstable_if action=reinterpret pc=0x0000018ca4933b38 method=java.lang.Integer.stringSize(I)I @ 19 c2
Event: 15.649 Thread 0x0000018cb8f8e0e0 DEOPT PACKING pc=0x0000018ca4933b38 sp=0x0000006ad93fd790
Event: 15.649 Thread 0x0000018cb8f8e0e0 DEOPT UNPACKING pc=0x0000018ca42269a3 sp=0x0000006ad93fd710 mode 2
Event: 16.045 Thread 0x0000018cb7937f70 DEOPT PACKING pc=0x0000018c9d6fa536 sp=0x0000006ad86fe010
Event: 16.045 Thread 0x0000018cb7937f70 DEOPT UNPACKING pc=0x0000018ca4227143 sp=0x0000006ad86fd4e8 mode 0
Event: 76.244 Thread 0x0000018cb83ae9b0 Uncommon trap: trap_request=0xffffffcc fr.pc=0x0000018ca4aa5828 relative=0x0000000000000288
Event: 76.244 Thread 0x0000018cb83ae9b0 Uncommon trap: reason=intrinsic_or_type_checked_inlining action=make_not_entrant pc=0x0000018ca4aa5828 method=java.util.ArrayList.toArray([Ljava/lang/Object;)[Ljava/lang/Object; @ 36 c2
Event: 76.244 Thread 0x0000018cb83ae9b0 DEOPT PACKING pc=0x0000018ca4aa5828 sp=0x0000006ada1fd2d0
Event: 76.245 Thread 0x0000018cb83ae9b0 DEOPT UNPACKING pc=0x0000018ca42269a3 sp=0x0000006ada1fd280 mode 2
Event: 105.763 Thread 0x0000018cb83ad060 Uncommon trap: trap_request=0xffffffdc fr.pc=0x0000018ca4aab764 relative=0x0000000000000244
Event: 105.764 Thread 0x0000018cb83ad060 Uncommon trap: reason=class_check action=make_not_entrant pc=0x0000018ca4aab764 method=java.util.ArrayList.toArray([Ljava/lang/Object;)[Ljava/lang/Object; @ 21 c2
Event: 105.764 Thread 0x0000018cb83ad060 DEOPT PACKING pc=0x0000018ca4aab764 sp=0x0000006ada0fe2f0
Event: 105.764 Thread 0x0000018cb83ad060 DEOPT UNPACKING pc=0x0000018ca42269a3 sp=0x0000006ada0fe2c0 mode 2

Classes unloaded (0 events):
No events

Classes redefined (0 events):
No events

Internal exceptions (20 events):
Event: 105.768 Thread 0x0000018cb83ad060 Exception <a 'java/net/ConnectException'{0x0000000085422580}: Connection refused: no further information> (0x0000000085422580) 
thrown [s\src\hotspot\share\prims\jni.cpp, line 535]
Event: 105.768 Thread 0x0000018cb83ad060 Exception <a 'java/net/SocketException'{0x0000000085426eb0}: Socket is not connected: shutdown> (0x0000000085426eb0) 
thrown [s\src\hotspot\share\prims\jni.cpp, line 535]
Event: 105.769 Thread 0x0000018cb83ad060 Exception <a 'java/net/ConnectException'{0x0000000085427a18}: Connection refused: no further information> (0x0000000085427a18) 
thrown [s\src\hotspot\share\prims\jni.cpp, line 535]
Event: 105.769 Thread 0x0000018cb83ad060 Exception <a 'java/net/SocketException'{0x0000000085427ff8}: Socket is not connected: shutdown> (0x0000000085427ff8) 
thrown [s\src\hotspot\share\prims\jni.cpp, line 535]
Event: 106.738 Thread 0x0000018cb83ae9b0 Exception <a 'java/net/ConnectException'{0x00000000854e6398}: Connection refused: no further information> (0x00000000854e6398) 
thrown [s\src\hotspot\share\prims\jni.cpp, line 535]
Event: 106.738 Thread 0x0000018cb83ae9b0 Exception <a 'java/net/SocketException'{0x00000000854e6978}: Socket is not connected: shutdown> (0x00000000854e6978) 
thrown [s\src\hotspot\share\prims\jni.cpp, line 535]
Event: 106.739 Thread 0x0000018cb83ae9b0 Exception <a 'java/net/ConnectException'{0x00000000854e74e0}: Connection refused: no further information> (0x00000000854e74e0) 
thrown [s\src\hotspot\share\prims\jni.cpp, line 535]
Event: 106.739 Thread 0x0000018cb83ae9b0 Exception <a 'java/net/SocketException'{0x00000000854e9d28}: Socket is not connected: shutdown> (0x00000000854e9d28) 
thrown [s\src\hotspot\share\prims\jni.cpp, line 535]
Event: 107.448 Thread 0x0000018cb8f8e0e0 Exception <a 'java/net/ConnectException'{0x0000000085386870}: Connection refused: no further information> (0x0000000085386870) 
thrown [s\src\hotspot\share\prims\jni.cpp, line 535]
Event: 107.448 Thread 0x0000018cb8f8e0e0 Exception <a 'java/net/SocketException'{0x0000000085386e50}: Socket is not connected: shutdown> (0x0000000085386e50) 
thrown [s\src\hotspot\share\prims\jni.cpp, line 535]
Event: 107.449 Thread 0x0000018cb8f8e0e0 Exception <a 'java/net/ConnectException'{0x00000000853879b8}: Connection refused: no further information> (0x00000000853879b8) 
thrown [s\src\hotspot\share\prims\jni.cpp, line 535]
Event: 107.449 Thread 0x0000018cb8f8e0e0 Exception <a 'java/net/SocketException'{0x0000000085387f98}: Socket is not connected: shutdown> (0x0000000085387f98) 
thrown [s\src\hotspot\share\prims\jni.cpp, line 535]
Event: 135.799 Thread 0x0000018cb83ad060 Exception <a 'java/net/ConnectException'{0x00000000852ce120}: Connection refused: no further information> (0x00000000852ce120) 
thrown [s\src\hotspot\share\prims\jni.cpp, line 535]
Event: 135.799 Thread 0x0000018cb83ad060 Exception <a 'java/net/SocketException'{0x00000000852ce700}: Socket is not connected: shutdown> (0x00000000852ce700) 
thrown [s\src\hotspot\share\prims\jni.cpp, line 535]
Event: 135.800 Thread 0x0000018cb83ad060 Exception <a 'java/net/ConnectException'{0x00000000852cf268}: Connection refused: no further information> (0x00000000852cf268) 
thrown [s\src\hotspot\share\prims\jni.cpp, line 535]
Event: 135.800 Thread 0x0000018cb83ad060 Exception <a 'java/net/SocketException'{0x00000000852cf848}: Socket is not connected: shutdown> (0x00000000852cf848) 
thrown [s\src\hotspot\share\prims\jni.cpp, line 535]
Event: 136.796 Thread 0x0000018cb83ae9b0 Exception <a 'java/net/ConnectException'{0x00000000851b6a70}: Connection refused: no further information> (0x00000000851b6a70) 
thrown [s\src\hotspot\share\prims\jni.cpp, line 535]
Event: 136.796 Thread 0x0000018cb83ae9b0 Exception <a 'java/net/SocketException'{0x00000000851b7050}: Socket is not connected: shutdown> (0x00000000851b7050) 
thrown [s\src\hotspot\share\prims\jni.cpp, line 535]
Event: 136.796 Thread 0x0000018cb83ae9b0 Exception <a 'java/net/ConnectException'{0x00000000851b7bb8}: Connection refused: no further information> (0x00000000851b7bb8) 
thrown [s\src\hotspot\share\prims\jni.cpp, line 535]
Event: 136.797 Thread 0x0000018cb83ae9b0 Exception <a 'java/net/SocketException'{0x00000000851b8198}: Socket is not connected: shutdown> (0x00000000851b8198) 
thrown [s\src\hotspot\share\prims\jni.cpp, line 535]

VM Operations (20 events):
Event: 77.212 Executing VM operation: Cleanup
Event: 77.406 Executing VM operation: Cleanup done
Event: 78.406 Executing VM operation: Cleanup
Event: 78.406 Executing VM operation: Cleanup done
Event: 79.416 Executing VM operation: Cleanup
Event: 79.416 Executing VM operation: Cleanup done
Event: 85.453 Executing VM operation: Cleanup
Event: 85.453 Executing VM operation: Cleanup done
Event: 106.679 Executing VM operation: Cleanup
Event: 106.679 Executing VM operation: Cleanup done
Event: 107.694 Executing VM operation: Cleanup
Event: 107.695 Executing VM operation: Cleanup done
Event: 124.865 Executing VM operation: Cleanup
Event: 124.865 Executing VM operation: Cleanup done
Event: 131.945 Executing VM operation: Cleanup
Event: 131.945 Executing VM operation: Cleanup done
Event: 134.964 Executing VM operation: Cleanup
Event: 134.964 Executing VM operation: Cleanup done
Event: 135.979 Executing VM operation: Cleanup
Event: 135.980 Executing VM operation: Cleanup done

Events (20 events):
Event: 16.125 loading class com/sun/beans/util/Cache$Kind$1
Event: 16.125 loading class com/sun/beans/util/Cache$Kind$1 done
Event: 16.125 loading class com/sun/beans/util/Cache$Kind$2
Event: 16.125 loading class com/sun/beans/util/Cache$Kind$2 done
Event: 16.125 loading class com/sun/beans/util/Cache$Kind$3
Event: 16.125 loading class com/sun/beans/util/Cache$Kind$3 done
Event: 16.125 loading class com/sun/beans/util/Cache$CacheEntry
Event: 16.126 loading class com/sun/beans/util/Cache$CacheEntry done
Event: 16.127 Thread 0x0000018cb7937a90 Thread exited: 0x0000018cb7937a90
Event: 16.127 Thread 0x0000018c9960f400 Thread exited: 0x0000018c9960f400
Event: 16.127 Thread 0x0000018cb83b3090 Thread added: 0x0000018cb83b3090
Event: 16.717 Thread 0x0000018cb2974630 flushing nmethod 0x0000018c9d0c1290
Event: 16.719 Thread 0x0000018cb2974630 flushing nmethod 0x0000018c9d366390
Event: 16.721 Thread 0x0000018cb2974630 flushing nmethod 0x0000018c9d539f90
Event: 16.721 Thread 0x0000018cb2974630 flushing nmethod 0x0000018c9d53a310
Event: 24.395 loading class java/util/concurrent/ConcurrentLinkedQueue$Itr
Event: 24.395 loading class java/util/concurrent/ConcurrentLinkedQueue$Itr done
Event: 45.466 Thread 0x0000018cb83ad060 Thread added: 0x0000018cb83ad060
Event: 45.466 Thread 0x0000018cb83ae9b0 Thread added: 0x0000018cb83ae9b0
Event: 76.115 Thread 0x0000018cb8f8e5f0 Thread exited: 0x0000018cb8f8e5f0


Dynamic libraries:
0x00007ff7aa0f0000 - 0x00007ff7aa0fe000 	D:\Users\2801121\Downloads\Eclipse_1_1\Eclipse\eclipse\eclipse\plugins\org.eclipse.justj.openjdk.hotspot.jre.full.win32.x86_64_17.0.8.v20230831-1047\jre\bin\javaw.exe
0x00007ff9d9350000 - 0x00007ff9d9548000 	C:\Windows\SYSTEM32\ntdll.dll
0x00007ff9d8610000 - 0x00007ff9d86cf000 	C:\Windows\System32\KERNEL32.DLL
0x00007ff9d6d70000 - 0x00007ff9d7066000 	C:\Windows\System32\KERNELBASE.dll
0x00007ff9d72b0000 - 0x00007ff9d73b0000 	C:\Windows\System32\ucrtbase.dll
0x00007ff9d11a0000 - 0x00007ff9d11b7000 	D:\Users\2801121\Downloads\Eclipse_1_1\Eclipse\eclipse\eclipse\plugins\org.eclipse.justj.openjdk.hotspot.jre.full.win32.x86_64_17.0.8.v20230831-1047\jre\bin\jli.dll
0x00007ff9d8af0000 - 0x00007ff9d8c8d000 	C:\Windows\System32\USER32.dll
0x00007ff9d6a30000 - 0x00007ff9d6a52000 	C:\Windows\System32\win32u.dll
0x00007ff9d8570000 - 0x00007ff9d859c000 	C:\Windows\System32\GDI32.dll
0x00007ff9d7070000 - 0x00007ff9d7185000 	C:\Windows\System32\gdi32full.dll
0x00007ff9d6cd0000 - 0x00007ff9d6d6d000 	C:\Windows\System32\msvcp_win.dll
0x00007ff9cffc0000 - 0x00007ff9cffd9000 	D:\Users\2801121\Downloads\Eclipse_1_1\Eclipse\eclipse\eclipse\plugins\org.eclipse.justj.openjdk.hotspot.jre.full.win32.x86_64_17.0.8.v20230831-1047\jre\bin\VCRUNTIME140.dll
0x00007ff9c3f90000 - 0x00007ff9c422a000 	C:\Windows\WinSxS\amd64_microsoft.windows.common-controls_6595b64144ccf1df_6.0.19041.1110_none_60b5254171f9507e\COMCTL32.dll
0x00007ff9d84d0000 - 0x00007ff9d856e000 	C:\Windows\System32\msvcrt.dll
0x00007ff9d8d40000 - 0x00007ff9d8d70000 	C:\Windows\System32\IMM32.DLL
0x0000018c98ca0000 - 0x0000018c98cb6000 	C:\Windows\System32\umppc19205.dll
0x0000018c98ce0000 - 0x0000018c98cf3000 	C:\Windows\System32\CsXumd64_19205.dll
0x00007ff9d6830000 - 0x00007ff9d6866000 	C:\Windows\system32\vmwsci.dll
0x00007ff9d9300000 - 0x00007ff9d9308000 	C:\Windows\System32\PSAPI.DLL
0x00007ff9d26d0000 - 0x00007ff9d26dc000 	D:\Users\2801121\Downloads\Eclipse_1_1\Eclipse\eclipse\eclipse\plugins\org.eclipse.justj.openjdk.hotspot.jre.full.win32.x86_64_17.0.8.v20230831-1047\jre\bin\vcruntime140_1.dll
0x00007ff9bff30000 - 0x00007ff9bffc1000 	D:\Users\2801121\Downloads\Eclipse_1_1\Eclipse\eclipse\eclipse\plugins\org.eclipse.justj.openjdk.hotspot.jre.full.win32.x86_64_17.0.8.v20230831-1047\jre\bin\msvcp140.dll
0x00007ff92e2e0000 - 0x00007ff92ef2c000 	D:\Users\2801121\Downloads\Eclipse_1_1\Eclipse\eclipse\eclipse\plugins\org.eclipse.justj.openjdk.hotspot.jre.full.win32.x86_64_17.0.8.v20230831-1047\jre\bin\server\jvm.dll
0x00007ff9d8c90000 - 0x00007ff9d8d3f000 	C:\Windows\System32\ADVAPI32.dll
0x00007ff9d8fa0000 - 0x00007ff9d903c000 	C:\Windows\System32\sechost.dll
0x00007ff9d8e70000 - 0x00007ff9d8f96000 	C:\Windows\System32\RPCRT4.dll
0x00007ff9d68d0000 - 0x00007ff9d691b000 	C:\Windows\SYSTEM32\POWRPROF.dll
0x00007ff9c62f0000 - 0x00007ff9c62f9000 	C:\Windows\SYSTEM32\WSOCK32.dll
0x00007ff9d85a0000 - 0x00007ff9d860b000 	C:\Windows\System32\WS2_32.dll
0x00007ff9c7f20000 - 0x00007ff9c7f47000 	C:\Windows\SYSTEM32\WINMM.dll
0x00007ff9d5760000 - 0x00007ff9d576a000 	C:\Windows\SYSTEM32\VERSION.dll
0x00007ff9d6870000 - 0x00007ff9d6882000 	C:\Windows\SYSTEM32\UMPDC.dll
0x00007ff9d5720000 - 0x00007ff9d5732000 	C:\Windows\SYSTEM32\kernel.appcore.dll
0x00007ff9cff30000 - 0x00007ff9cff3a000 	D:\Users\2801121\Downloads\Eclipse_1_1\Eclipse\eclipse\eclipse\plugins\org.eclipse.justj.openjdk.hotspot.jre.full.win32.x86_64_17.0.8.v20230831-1047\jre\bin\jimage.dll
0x00007ff9d4230000 - 0x00007ff9d4414000 	C:\Windows\SYSTEM32\DBGHELP.DLL
0x00007ff9c7280000 - 0x00007ff9c72b4000 	C:\Windows\SYSTEM32\dbgcore.DLL
0x00007ff9d6c40000 - 0x00007ff9d6cc2000 	C:\Windows\System32\bcryptPrimitives.dll
0x00007ff9c9660000 - 0x00007ff9c9685000 	D:\Users\2801121\Downloads\Eclipse_1_1\Eclipse\eclipse\eclipse\plugins\org.eclipse.justj.openjdk.hotspot.jre.full.win32.x86_64_17.0.8.v20230831-1047\jre\bin\java.dll
0x00007ff9c95e0000 - 0x00007ff9c95f8000 	D:\Users\2801121\Downloads\Eclipse_1_1\Eclipse\eclipse\eclipse\plugins\org.eclipse.justj.openjdk.hotspot.jre.full.win32.x86_64_17.0.8.v20230831-1047\jre\bin\zip.dll
0x00007ff9d76c0000 - 0x00007ff9d7e04000 	C:\Windows\System32\SHELL32.dll
0x00007ff9d4f80000 - 0x00007ff9d5714000 	C:\Windows\SYSTEM32\windows.storage.dll
0x00007ff9d86e0000 - 0x00007ff9d8a34000 	C:\Windows\System32\combase.dll
0x00007ff9d6360000 - 0x00007ff9d638e000 	C:\Windows\SYSTEM32\Wldp.dll
0x00007ff9d9040000 - 0x00007ff9d90ed000 	C:\Windows\System32\SHCORE.dll
0x00007ff9d82e0000 - 0x00007ff9d8335000 	C:\Windows\System32\shlwapi.dll
0x00007ff9d6960000 - 0x00007ff9d6985000 	C:\Windows\SYSTEM32\profapi.dll
0x00007ff9c9520000 - 0x00007ff9c9539000 	D:\Users\2801121\Downloads\Eclipse_1_1\Eclipse\eclipse\eclipse\plugins\org.eclipse.justj.openjdk.hotspot.jre.full.win32.x86_64_17.0.8.v20230831-1047\jre\bin\net.dll
0x00007ff9cc6c0000 - 0x00007ff9cc7ca000 	C:\Windows\SYSTEM32\WINHTTP.dll
0x00007ff9d60c0000 - 0x00007ff9d612a000 	C:\Windows\system32\mswsock.dll
0x00007ff9c93d0000 - 0x00007ff9c93e5000 	D:\Users\2801121\Downloads\Eclipse_1_1\Eclipse\eclipse\eclipse\plugins\org.eclipse.justj.openjdk.hotspot.jre.full.win32.x86_64_17.0.8.v20230831-1047\jre\bin\nio.dll
0x00007ff9c93c0000 - 0x00007ff9c93c9000 	D:\Users\2801121\Downloads\Eclipse_1_1\Eclipse\eclipse\eclipse\plugins\org.eclipse.justj.openjdk.hotspot.jre.full.win32.x86_64_17.0.8.v20230831-1047\jre\bin\management.dll
0x00007ff9c9250000 - 0x00007ff9c925b000 	D:\Users\2801121\Downloads\Eclipse_1_1\Eclipse\eclipse\eclipse\plugins\org.eclipse.justj.openjdk.hotspot.jre.full.win32.x86_64_17.0.8.v20230831-1047\jre\bin\management_ext.dll
0x00007ff9d5db0000 - 0x00007ff9d5dec000 	C:\Windows\SYSTEM32\IPHLPAPI.DLL
0x00007ff9d8d70000 - 0x00007ff9d8d78000 	C:\Windows\System32\NSI.dll
0x00007ff9d1030000 - 0x00007ff9d1047000 	C:\Windows\SYSTEM32\dhcpcsvc6.DLL
0x00007ff9d0f80000 - 0x00007ff9d0f9d000 	C:\Windows\SYSTEM32\dhcpcsvc.DLL
0x00007ff9d5df0000 - 0x00007ff9d5eba000 	C:\Windows\SYSTEM32\DNSAPI.dll
0x00007ff9cce30000 - 0x00007ff9cce3a000 	C:\Windows\System32\rasadhlp.dll
0x00007ff9d15c0000 - 0x00007ff9d1642000 	C:\Windows\System32\fwpuclnt.dll
0x00007ff9d6a60000 - 0x00007ff9d6a87000 	C:\Windows\System32\bcrypt.dll
0x00007ff9cfbb0000 - 0x00007ff9cfbbe000 	D:\Users\2801121\Downloads\Eclipse_1_1\Eclipse\eclipse\eclipse\plugins\org.eclipse.justj.openjdk.hotspot.jre.full.win32.x86_64_17.0.8.v20230831-1047\jre\bin\sunmscapi.dll
0x00007ff9d6a90000 - 0x00007ff9d6bee000 	C:\Windows\System32\CRYPT32.dll
0x00007ff9d63d0000 - 0x00007ff9d63f8000 	C:\Windows\SYSTEM32\ncrypt.dll
0x00007ff9d6390000 - 0x00007ff9d63cb000 	C:\Windows\SYSTEM32\NTASN1.dll
0x00007ff9d62b0000 - 0x00007ff9d62c8000 	C:\Windows\SYSTEM32\CRYPTSP.dll
0x00007ff9d59e0000 - 0x00007ff9d5a14000 	C:\Windows\system32\rsaenh.dll
0x00007ff9d6920000 - 0x00007ff9d694e000 	C:\Windows\SYSTEM32\USERENV.dll
0x00007ff9d62d0000 - 0x00007ff9d62dc000 	C:\Windows\SYSTEM32\CRYPTBASE.dll
0x00007ff9cfc70000 - 0x00007ff9cfc80000 	D:\Users\2801121\Downloads\Eclipse_1_1\Eclipse\eclipse\eclipse\plugins\org.eclipse.justj.openjdk.hotspot.jre.full.win32.x86_64_17.0.8.v20230831-1047\jre\bin\verify.dll
0x00007ff9ad890000 - 0x00007ff9ad897000 	C:\Windows\system32\wshunix.dll

dbghelp: loaded successfully - version: 4.0.5 - missing functions: none
symbol engine: initialized successfully - sym options: 0x614 - pdb path: .;D:\Users\2801121\Downloads\Eclipse_1_1\Eclipse\eclipse\eclipse\plugins\org.eclipse.justj.openjdk.hotspot.jre.full.win32.x86_64_17.0.8.v20230831-1047\jre\bin;C:\Windows\SYSTEM32;C:\Windows\WinSxS\amd64_microsoft.windows.common-controls_6595b64144ccf1df_6.0.19041.1110_none_60b5254171f9507e;D:\Users\2801121\Downloads\Eclipse_1_1\Eclipse\eclipse\eclipse\plugins\org.eclipse.justj.openjdk.hotspot.jre.full.win32.x86_64_17.0.8.v20230831-1047\jre\bin\server

VM Arguments:
jvm_args: -Dfile.encoding=UTF-8 -Dstdout.encoding=UTF-8 -Dstderr.encoding=UTF-8 -XX:+ShowCodeDetailsInExceptionMessages 
java_command: com.tcs.users.UsersApplication
java_class_path (initial): D:\Users\2801121\users\users\users\target\classes;D:\Users\2801121\.m2\repository\org\springframework\boot\spring-boot-starter-data-jpa\3.4.4\spring-boot-starter-data-jpa-3.4.4.jar;D:\Users\2801121\.m2\repository\org\springframework\boot\spring-boot-starter\3.4.4\spring-boot-starter-3.4.4.jar;D:\Users\2801121\.m2\repository\org\springframework\boot\spring-boot-starter-logging\3.4.4\spring-boot-starter-logging-3.4.4.jar;D:\Users\2801121\.m2\repository\ch\qos\logback\logback-classic\1.5.18\logback-classic-1.5.18.jar;D:\Users\2801121\.m2\repository\ch\qos\logback\logback-core\1.5.18\logback-core-1.5.18.jar;D:\Users\2801121\.m2\repository\org\apache\logging\log4j\log4j-to-slf4j\2.24.3\log4j-to-slf4j-2.24.3.jar;D:\Users\2801121\.m2\repository\org\apache\logging\log4j\log4j-api\2.24.3\log4j-api-2.24.3.jar;D:\Users\2801121\.m2\repository\org\slf4j\jul-to-slf4j\2.0.17\jul-to-slf4j-2.0.17.jar;D:\Users\2801121\.m2\repository\jakarta\annotation\jakarta.annotation-api\2.1.1\jakarta.annotation-api-2.1.1.jar;D:\Users\2801121\.m2\repository\org\yaml\snakeyaml\2.3\snakeyaml-2.3.jar;D:\Users\2801121\.m2\repository\org\springframework\boot\spring-boot-starter-jdbc\3.4.4\spring-boot-starter-jdbc-3.4.4.jar;D:\Users\2801121\.m2\repository\com\zaxxer\HikariCP\5.1.0\HikariCP-5.1.0.jar;D:\Users\2801121\.m2\repository\org\springframework\spring-jdbc\6.2.5\spring-jdbc-6.2.5.jar;D:\Users\2801121\.m2\repository\org\hibernate\orm\hibernate-core\6.6.11.Final\hibernate-core-6.6.11.Final.jar;D:\Users\2801121\.m2\repository\jakarta\persistence\jakarta.persistence-api\3.1.0\jakarta.persistence-api-3.1.0.jar;D:\Users\2801121\.m2\repository\jakarta\transaction\jakarta.transaction-api\2.0.1\jakarta.transaction-api-2.0.1.jar;D:\Users\2801121\.m2\repository\org\jboss\logging\jboss-logging\3.6.1.Final\jboss-logging-3.6.1.Final.jar;D:\Users\2801121\.m2\repository\org\hibernate\common\hibernate-commons-annotations\7.0.3.Final\hibernate-commons-annotations-7.0.3.Final.jar;D:\User
Launcher Type: SUN_STANDARD

[Global flags]
     intx CICompilerCount                          = 2                                         {product} {ergonomic}
     uint ConcGCThreads                            = 1                                         {product} {ergonomic}
     uint G1ConcRefinementThreads                  = 2                                         {product} {ergonomic}
   size_t G1HeapRegionSize                         = 1048576                                   {product} {ergonomic}
    uintx GCDrainStackTargetSize                   = 64                                        {product} {ergonomic}
   size_t InitialHeapSize                          = 134217728                                 {product} {ergonomic}
   size_t MarkStackSize                            = 4194304                                   {product} {ergonomic}
   size_t MaxHeapSize                              = 2147483648                                {product} {ergonomic}
   size_t MaxNewSize                               = 1287651328                                {product} {ergonomic}
   size_t MinHeapDeltaBytes                        = 1048576                                   {product} {ergonomic}
   size_t MinHeapSize                              = 8388608                                   {product} {ergonomic}
    uintx NonNMethodCodeHeapSize                   = 5826188                                {pd product} {ergonomic}
    uintx NonProfiledCodeHeapSize                  = 122916026                              {pd product} {ergonomic}
    uintx ProfiledCodeHeapSize                     = 122916026                              {pd product} {ergonomic}
    uintx ReservedCodeCacheSize                    = 251658240                              {pd product} {ergonomic}
     bool SegmentedCodeCache                       = true                                      {product} {ergonomic}
     bool ShowCodeDetailsInExceptionMessages       = true                                   {manageable} {command line}
   size_t SoftMaxHeapSize                          = 2147483648                             {manageable} {ergonomic}
     bool UseCompressedClassPointers               = true                           {product lp64_product} {ergonomic}
     bool UseCompressedOops                        = true                           {product lp64_product} {ergonomic}
     bool UseG1GC                                  = true                                      {product} {ergonomic}
     bool UseLargePagesIndividualAllocation        = false                                  {pd product} {ergonomic}

Logging:
Log output configuration:
 #0: stdout all=warning uptime,level,tags
 #1: stderr all=off uptime,level,tags

Environment Variables:
JAVA_HOME=C:\Program Files\Eclipse Adoptium\jdk-8.0.352.8-hotspot\
PATH=D:/Users/2801121/Downloads/Eclipse_1_1/Eclipse/eclipse/eclipse//plugins/org.eclipse.justj.openjdk.hotspot.jre.full.win32.x86_64_17.0.8.v20230831-1047/jre/bin/server;D:/Users/2801121/Downloads/Eclipse_1_1/Eclipse/eclipse/eclipse//plugins/org.eclipse.justj.openjdk.hotspot.jre.full.win32.x86_64_17.0.8.v20230831-1047/jre/bin;C:\Program Files\Eclipse Adoptium\jdk-8.0.352.8-hotspot\bin;C:\Program Files (x86)\Common Files\Oracle\Java\javapath;C:\Windows\system32;C:\Windows;C:\Windows\System32\Wbem;C:\Windows\System32\WindowsPowerShell\v1.0\;C:\Windows\System32\OpenSSH\;C:\Program Files\PuTTY\;C:\Program Files\Microsoft SQL Server\150\Tools\Binn\;C:\Program Files\Microsoft SQL Server\Client SDK\ODBC\170\Tools\Binn\;C:\Program Files\Common Files\ThinPrint\;C:\Program Files\nodejs\;C:\Program Files\TortoiseSVN\bin;C:\Program Files\TortoiseGit\bin;C:\Program Files\Git\cmd;D:\Users\2801121\AppData\Local\Microsoft\WindowsApps;;D:\Users\2801121\Downloads\Eclipse_1_1\Eclipse\eclipse\eclipse;
USERNAME=2801121
OS=Windows_NT
PROCESSOR_IDENTIFIER=Intel64 Family 6 Model 85 Stepping 4, GenuineIntel
TMP=D:\Users\2801121\AppData\Local\Temp
TEMP=D:\Users\2801121\AppData\Local\Temp



---------------  S Y S T E M  ---------------

OS:
 Windows 10 , 64 bit Build 19041 (10.0.19041.3155)
OS uptime: 4 days 18:54 hours
VMWare virtualization detected

CPU: total 2 (initial active 2) (2 cores per cpu, 1 threads per core) family 6 model 85 stepping 4 microcode 0x2007006, cx8, cmov, fxsr, mmx, 3dnowpref, sse, sse2, sse3, ssse3, sse4.1, sse4.2, popcnt, lzcnt, tsc, tscinvbit, avx, avx2, aes, erms, clmul, bmi1, bmi2, adx, fma, vzeroupper, clflush, clflushopt, clwb, hv
Processor Information for all 2 processors :
  Max Mhz: 2100, Current Mhz: 2100, Mhz Limit: 2100

Memory: 4k page, system-wide physical 8191M (459M free)
TotalPageFile size 8703M (AvailPageFile size 5M)
current process WorkingSet (physical memory assigned to process): 280M, peak: 302M
current process commit charge ("private bytes"): 301M, peak: 323M

vm_info: OpenJDK 64-Bit Server VM (17.0.8.1+1) for windows-amd64 JRE (17.0.8.1+1), built on Aug 23 2023 15:29:17 by "admin" with MS VC++ 16.7 (VS2019)

END.
